<?xml version="1.0" encoding="UTF-8"?>
<!-- Generated by org.testng.reporters.JUnitReportReporter -->
<testsuite skipped="0" hostname="Gagan" name="winappdriver.JMstudio2" tests="1" failures="0" timestamp="30 May 2020 17:40:34 GMT" time="7.438" errors="0">
  <testcase name="openstudio" time="7.438" classname="winappdriver.JMstudio2"/>
</testsuite> <!-- winappdriver.JMstudio2 -->
