<?xml version="1.0" encoding="UTF-8"?>
<!-- Generated by org.testng.reporters.JUnitReportReporter -->
<testsuite skipped="0" hostname="Gagan" name="winappdriver.notespad" tests="3" failures="0" timestamp="30 May 2020 17:00:34 GMT" time="11.048" errors="0">
  <testcase name="checkHelpaboutnowTest" time="1.813" classname="winappdriver.notespad"/>
  <testcase name="sendtextTest" time="3.053" classname="winappdriver.notespad"/>
  <testcase name="EditTest" time="6.182" classname="winappdriver.notespad"/>
</testsuite> <!-- winappdriver.notespad -->
